nohup: ignoring input
📋 Registering callbacks...
  → Registering shell callbacks…
  ✓ Shell callbacks registered
  → Registering login callbacks…
  ✓ Login callbacks registered
✓ Drilldown callbacks registered (portal-aware)
  → Registering card catalogue callbacks…
  ✓ Card catalogue callbacks registered
✓ Customize callbacks registered
  → Registering debug callbacks…
✅ All callbacks registered

======================================================================
🚀 EstateHub - Development Server
======================================================================
Config: development
Debug: True
URL: http://0.0.0.0:8050
======================================================================

 * Serving Flask app 'app'
 * Debug mode: on
[31m[1mWARNING: This is a development server. Do not use it in a production deployment. Use a production WSGI server instead.[0m
 * Running on all addresses (0.0.0.0)
 * Running on http://127.0.0.1:8050
 * Running on http://10.209.108.22:8050
[33mPress CTRL+C to quit[0m
